2025-08-07 19:57:25,968 INFO o.h.v.i.u.Version [background-preinit] HV000001: Hibernate Validator 6.2.0.Final
2025-08-07 19:57:26,013 INFO o.s.b.StartupInfoLogger [restartedMain] Starting VideoPlayersApplication using Java 17.0.10 on DellKarol with PID 33264 (C:\PROGRAMOWANIE KAROL\Fullstack\VideoPlayerFullstack3\target\classes started by alpin in C:\PROGRAMOWANIE KAROL\Fullstack\VideoPlayerFullstack3)
2025-08-07 19:57:26,013 DEBUG o.s.b.StartupInfoLogger [restartedMain] Running with Spring Boot v2.6.2, Spring v5.3.14
2025-08-07 19:57:26,013 INFO o.s.b.SpringApplication [restartedMain] No active profile set, falling back to default profiles: default
2025-08-07 19:57:26,072 INFO o.s.b.l.DeferredLog [restartedMain] Devtools property defaults active! Set 'spring.devtools.add-properties' to 'false' to disable
2025-08-07 19:57:26,072 INFO o.s.b.l.DeferredLog [restartedMain] For additional web related logging consider setting the 'logging.level.web' property to 'DEBUG'
2025-08-07 19:57:26,874 INFO o.s.d.r.c.RepositoryConfigurationDelegate [restartedMain] Multiple Spring Data modules found, entering strict repository configuration mode!
2025-08-07 19:57:26,874 INFO o.s.d.r.c.RepositoryConfigurationDelegate [restartedMain] Bootstrapping Spring Data JPA repositories in DEFAULT mode.
2025-08-07 19:57:27,010 INFO o.s.d.r.c.RepositoryConfigurationDelegate [restartedMain] Finished Spring Data repository scanning in 123 ms. Found 3 JPA repository interfaces.
2025-08-07 19:57:27,027 INFO o.s.d.r.c.RepositoryConfigurationDelegate [restartedMain] Multiple Spring Data modules found, entering strict repository configuration mode!
2025-08-07 19:57:27,030 INFO o.s.d.r.c.RepositoryConfigurationDelegate [restartedMain] Bootstrapping Spring Data Redis repositories in DEFAULT mode.
2025-08-07 19:57:27,040 INFO o.s.d.r.c.RepositoryConfigurationExtensionSupport [restartedMain] Spring Data Redis - Could not safely identify store assignment for repository candidate interface com.example.springbootvideoplayers.videoplayers.user.repository.UserRepository. If you want this repository to be a Redis repository, consider annotating your entities with one of these annotations: org.springframework.data.redis.core.RedisHash (preferred), or consider extending one of the following types with your repository: org.springframework.data.keyvalue.repository.KeyValueRepository.
2025-08-07 19:57:27,040 INFO o.s.d.r.c.RepositoryConfigurationExtensionSupport [restartedMain] Spring Data Redis - Could not safely identify store assignment for repository candidate interface com.example.springbootvideoplayers.videoplayers.videoPlayer.repository.VideoPlayerRepository. If you want this repository to be a Redis repository, consider annotating your entities with one of these annotations: org.springframework.data.redis.core.RedisHash (preferred), or consider extending one of the following types with your repository: org.springframework.data.keyvalue.repository.KeyValueRepository.
2025-08-07 19:57:27,040 INFO o.s.d.r.c.RepositoryConfigurationExtensionSupport [restartedMain] Spring Data Redis - Could not safely identify store assignment for repository candidate interface com.example.springbootvideoplayers.videoplayers.videoPlayerHistorical.repository.VideoPlayerHistoricalRepository. If you want this repository to be a Redis repository, consider annotating your entities with one of these annotations: org.springframework.data.redis.core.RedisHash (preferred), or consider extending one of the following types with your repository: org.springframework.data.keyvalue.repository.KeyValueRepository.
2025-08-07 19:57:27,040 INFO o.s.d.r.c.RepositoryConfigurationDelegate [restartedMain] Finished Spring Data repository scanning in 7 ms. Found 0 Redis repository interfaces.
2025-08-07 19:57:27,847 INFO o.s.b.w.e.t.TomcatWebServer [restartedMain] Tomcat initialized with port(s): 8080 (http)
2025-08-07 19:57:27,858 INFO o.a.j.l.DirectJDKLog [restartedMain] Initializing ProtocolHandler ["http-nio-8080"]
2025-08-07 19:57:27,858 INFO o.a.j.l.DirectJDKLog [restartedMain] Starting service [Tomcat]
2025-08-07 19:57:27,858 INFO o.a.j.l.DirectJDKLog [restartedMain] Starting Servlet engine: [Apache Tomcat/9.0.56]
2025-08-07 19:57:27,954 INFO o.a.j.l.DirectJDKLog [restartedMain] Initializing Spring embedded WebApplicationContext
2025-08-07 19:57:27,954 INFO o.s.b.w.s.c.ServletWebServerApplicationContext [restartedMain] Root WebApplicationContext: initialization completed in 1876 ms
2025-08-07 19:57:27,999 INFO c.z.h.HikariDataSource [restartedMain] HikariPool-1 - Starting...
2025-08-07 19:57:28,311 INFO c.z.h.HikariDataSource [restartedMain] HikariPool-1 - Start completed.
2025-08-07 19:57:28,327 INFO o.s.b.a.h.H2ConsoleAutoConfiguration [restartedMain] H2 console available at '/h2-console'. Database available at 'jdbc:postgresql://localhost:5432/postgres'
2025-08-07 19:57:28,472 INFO o.h.j.i.u.LogHelper [restartedMain] HHH000204: Processing PersistenceUnitInfo [name: default]
2025-08-07 19:57:28,549 INFO o.h.Version [restartedMain] HHH000412: Hibernate ORM core version 5.6.3.Final
2025-08-07 19:57:28,770 INFO o.h.a.c.r.j.JavaReflectionManager [restartedMain] HCANN000001: Hibernate Commons Annotations {5.1.2.Final}
2025-08-07 19:57:28,932 INFO o.h.d.Dialect [restartedMain] HHH000400: Using dialect: org.hibernate.dialect.PostgreSQLDialect
2025-08-07 19:57:29,514 INFO o.h.e.t.j.p.i.JtaPlatformInitiator [restartedMain] HHH000490: Using JtaPlatform implementation: [org.hibernate.engine.transaction.jta.platform.internal.NoJtaPlatform]
2025-08-07 19:57:29,514 INFO o.s.o.j.AbstractEntityManagerFactoryBean [restartedMain] Initialized JPA EntityManagerFactory for persistence unit 'default'
2025-08-07 19:57:30,020 DEBUG o.s.w.f.GenericFilterBean [restartedMain] Filter 'jwtRequestFilter' configured for use
2025-08-07 19:57:30,162 WARN o.s.b.a.o.j.JpaBaseConfiguration$JpaWebConfiguration [restartedMain] spring.jpa.open-in-view is enabled by default. Therefore, database queries may be performed during view rendering. Explicitly configure spring.jpa.open-in-view to disable this warning
2025-08-07 19:57:30,689 INFO o.s.b.a.w.s.WelcomePageHandlerMapping [restartedMain] Adding welcome page: class path resource [public/index.html]
2025-08-07 19:57:31,585 INFO o.s.s.w.DefaultSecurityFilterChain [restartedMain] Will secure Ant [pattern='/**'] with [org.springframework.security.web.context.request.async.WebAsyncManagerIntegrationFilter@2291a9dd, org.springframework.security.web.context.SecurityContextPersistenceFilter@28cc934d, org.springframework.security.web.header.HeaderWriterFilter@43cb61c1, org.springframework.security.web.authentication.logout.LogoutFilter@24259429, com.example.springbootvideoplayers.videoplayers.jwt.filters.JwtRequestFilter@3b8444fc, org.springframework.security.web.savedrequest.RequestCacheAwareFilter@6092a28c, org.springframework.security.web.servletapi.SecurityContextHolderAwareRequestFilter@6f82821d, org.springframework.security.web.authentication.AnonymousAuthenticationFilter@4e99aece, org.springframework.security.web.session.SessionManagementFilter@409ff7e3, org.springframework.security.web.access.ExceptionTranslationFilter@1021a46f, org.springframework.security.web.access.intercept.FilterSecurityInterceptor@b6dbf9e]
2025-08-07 19:57:31,635 INFO o.s.b.d.a.OptionalLiveReloadServer [restartedMain] LiveReload server is running on port 35729
2025-08-07 19:57:31,651 INFO o.a.j.l.DirectJDKLog [restartedMain] Starting ProtocolHandler ["http-nio-8080"]
2025-08-07 19:57:31,688 INFO o.s.b.w.e.t.TomcatWebServer [restartedMain] Tomcat started on port(s): 8080 (http) with context path ''
2025-08-07 19:57:31,695 INFO o.s.b.StartupInfoLogger [restartedMain] Started VideoPlayersApplication in 6.158 seconds (JVM running for 6.889)
2025-08-07 19:59:10,723 INFO o.a.j.l.DirectJDKLog [http-nio-8080-exec-1] Initializing Spring DispatcherServlet 'dispatcherServlet'
2025-08-07 19:59:10,723 INFO o.s.w.s.FrameworkServlet [http-nio-8080-exec-1] Initializing Servlet 'dispatcherServlet'
2025-08-07 19:59:10,726 INFO o.s.w.s.FrameworkServlet [http-nio-8080-exec-1] Completed initialization in 3 ms
2025-08-07 19:59:11,016 DEBUG o.h.e.j.s.SqlStatementLogger [http-nio-8080-exec-1] 
    select
        userentity0_.id as id1_0_,
        userentity0_.email as email2_0_,
        userentity0_.mobile_number as mobile_n3_0_,
        userentity0_.stored_hash as stored_h4_0_,
        userentity0_.stored_salt as stored_s5_0_ 
    from
        user_entity userentity0_ 
    where
        userentity0_.email=?
2025-08-07 19:59:11,225 INFO c.e.s.v.v.c.VideoPlayerHistoricalController [http-nio-8080-exec-1] Using SLF4J: Getting video-player-historical list - getVideoPlayersHistorical()
2025-08-07 19:59:11,229 INFO c.e.s.v.v.c.VideoPlayerHistoricalController [http-nio-8080-exec-1] Using SLF4J Lombok: Getting video player historical list - getVideoPlayersHistorical()
2025-08-07 19:59:11,282 DEBUG o.h.e.j.s.SqlStatementLogger [http-nio-8080-exec-1] 
    select
        videoplaye0_.id as id1_2_,
        videoplaye0_.created_at as created_2_2_,
        videoplaye0_.name_abbr as name_abb3_2_,
        videoplaye0_.url_name as url_name4_2_,
        videoplaye0_.watched_user as watched_5_2_ 
    from
        video_player_historical_entity videoplaye0_
2025-08-07 20:10:53,273 DEBUG o.h.e.j.s.SqlStatementLogger [http-nio-8080-exec-3] 
    select
        userentity0_.id as id1_0_,
        userentity0_.email as email2_0_,
        userentity0_.mobile_number as mobile_n3_0_,
        userentity0_.stored_hash as stored_h4_0_,
        userentity0_.stored_salt as stored_s5_0_ 
    from
        user_entity userentity0_ 
    where
        userentity0_.email=?
2025-08-07 20:10:53,283 DEBUG o.h.e.j.s.SqlStatementLogger [http-nio-8080-exec-3] 
    select
        userentity0_.id as id1_0_,
        userentity0_.email as email2_0_,
        userentity0_.mobile_number as mobile_n3_0_,
        userentity0_.stored_hash as stored_h4_0_,
        userentity0_.stored_salt as stored_s5_0_ 
    from
        user_entity userentity0_ 
    where
        userentity0_.email=?
2025-08-07 20:10:53,334 DEBUG o.h.e.j.s.SqlStatementLogger [http-nio-8080-exec-4] 
    select
        userentity0_.id as id1_0_,
        userentity0_.email as email2_0_,
        userentity0_.mobile_number as mobile_n3_0_,
        userentity0_.stored_hash as stored_h4_0_,
        userentity0_.stored_salt as stored_s5_0_ 
    from
        user_entity userentity0_ 
    where
        userentity0_.email=?
2025-08-07 20:10:53,336 DEBUG o.h.e.j.s.SqlStatementLogger [http-nio-8080-exec-5] 
    select
        userentity0_.id as id1_0_,
        userentity0_.email as email2_0_,
        userentity0_.mobile_number as mobile_n3_0_,
        userentity0_.stored_hash as stored_h4_0_,
        userentity0_.stored_salt as stored_s5_0_ 
    from
        user_entity userentity0_ 
    where
        userentity0_.email=?
2025-08-07 20:10:53,345 INFO c.e.s.v.v.c.VideoPlayerHistoricalController [http-nio-8080-exec-5] Using SLF4J: Getting video-player-historical list - getVideoPlayersHistorical()
2025-08-07 20:10:53,352 INFO c.e.s.v.v.c.VideoPlayerHistoricalController [http-nio-8080-exec-5] Using SLF4J Lombok: Getting video player historical list - getVideoPlayersHistorical()
2025-08-07 20:10:53,353 DEBUG o.h.e.j.s.SqlStatementLogger [http-nio-8080-exec-5] 
    select
        videoplaye0_.id as id1_2_,
        videoplaye0_.created_at as created_2_2_,
        videoplaye0_.name_abbr as name_abb3_2_,
        videoplaye0_.url_name as url_name4_2_,
        videoplaye0_.watched_user as watched_5_2_ 
    from
        video_player_historical_entity videoplaye0_
2025-08-07 20:10:53,363 INFO c.e.s.v.v.c.VideoPlayerController [http-nio-8080-exec-4] Using SLF4J: Getting video-player list - getVideoPlayers()
2025-08-07 20:10:53,363 INFO c.e.s.v.v.c.VideoPlayerController [http-nio-8080-exec-4] Using SLF4J Lombok: Getting video player list - getVideoPlayers()
2025-08-07 20:10:53,375 DEBUG o.h.e.j.s.SqlStatementLogger [http-nio-8080-exec-4] 
    select
        videoplaye0_.id as id1_1_,
        videoplaye0_.created_at as created_2_1_,
        videoplaye0_.name_abbr as name_abb3_1_,
        videoplaye0_.url_name as url_name4_1_ 
    from
        video_player_entity videoplaye0_
2025-08-07 20:10:58,983 DEBUG o.h.e.j.s.SqlStatementLogger [http-nio-8080-exec-8] 
    select
        userentity0_.id as id1_0_,
        userentity0_.email as email2_0_,
        userentity0_.mobile_number as mobile_n3_0_,
        userentity0_.stored_hash as stored_h4_0_,
        userentity0_.stored_salt as stored_s5_0_ 
    from
        user_entity userentity0_ 
    where
        userentity0_.email=?
2025-08-07 20:10:58,988 DEBUG o.h.e.j.s.SqlStatementLogger [http-nio-8080-exec-8] 
    select
        userentity0_.id as id1_0_,
        userentity0_.email as email2_0_,
        userentity0_.mobile_number as mobile_n3_0_,
        userentity0_.stored_hash as stored_h4_0_,
        userentity0_.stored_salt as stored_s5_0_ 
    from
        user_entity userentity0_ 
    where
        userentity0_.email=?
2025-08-07 20:10:59,018 DEBUG o.h.e.j.s.SqlStatementLogger [http-nio-8080-exec-10] 
    select
        userentity0_.id as id1_0_,
        userentity0_.email as email2_0_,
        userentity0_.mobile_number as mobile_n3_0_,
        userentity0_.stored_hash as stored_h4_0_,
        userentity0_.stored_salt as stored_s5_0_ 
    from
        user_entity userentity0_ 
    where
        userentity0_.email=?
2025-08-07 20:10:59,018 DEBUG o.h.e.j.s.SqlStatementLogger [http-nio-8080-exec-9] 
    select
        userentity0_.id as id1_0_,
        userentity0_.email as email2_0_,
        userentity0_.mobile_number as mobile_n3_0_,
        userentity0_.stored_hash as stored_h4_0_,
        userentity0_.stored_salt as stored_s5_0_ 
    from
        user_entity userentity0_ 
    where
        userentity0_.email=?
2025-08-07 20:10:59,038 INFO c.e.s.v.v.c.VideoPlayerHistoricalController [http-nio-8080-exec-10] Using SLF4J: Getting video-player-historical list - getVideoPlayersHistorical()
2025-08-07 20:10:59,043 INFO c.e.s.v.v.c.VideoPlayerHistoricalController [http-nio-8080-exec-10] Using SLF4J Lombok: Getting video player historical list - getVideoPlayersHistorical()
2025-08-07 20:10:59,043 DEBUG o.h.e.j.s.SqlStatementLogger [http-nio-8080-exec-10] 
    select
        videoplaye0_.id as id1_2_,
        videoplaye0_.created_at as created_2_2_,
        videoplaye0_.name_abbr as name_abb3_2_,
        videoplaye0_.url_name as url_name4_2_,
        videoplaye0_.watched_user as watched_5_2_ 
    from
        video_player_historical_entity videoplaye0_
2025-08-07 20:10:59,043 INFO c.e.s.v.v.c.VideoPlayerController [http-nio-8080-exec-9] Using SLF4J: Getting video-player list - getVideoPlayers()
2025-08-07 20:10:59,045 INFO c.e.s.v.v.c.VideoPlayerController [http-nio-8080-exec-9] Using SLF4J Lombok: Getting video player list - getVideoPlayers()
2025-08-07 20:10:59,046 DEBUG o.h.e.j.s.SqlStatementLogger [http-nio-8080-exec-9] 
    select
        videoplaye0_.id as id1_1_,
        videoplaye0_.created_at as created_2_1_,
        videoplaye0_.name_abbr as name_abb3_1_,
        videoplaye0_.url_name as url_name4_1_ 
    from
        video_player_entity videoplaye0_
2025-08-07 20:11:04,589 DEBUG o.h.e.j.s.SqlStatementLogger [http-nio-8080-exec-1] 
    select
        userentity0_.id as id1_0_,
        userentity0_.email as email2_0_,
        userentity0_.mobile_number as mobile_n3_0_,
        userentity0_.stored_hash as stored_h4_0_,
        userentity0_.stored_salt as stored_s5_0_ 
    from
        user_entity userentity0_ 
    where
        userentity0_.email=?
2025-08-07 20:11:04,595 DEBUG o.h.e.j.s.SqlStatementLogger [http-nio-8080-exec-1] 
    select
        userentity0_.id as id1_0_,
        userentity0_.email as email2_0_,
        userentity0_.mobile_number as mobile_n3_0_,
        userentity0_.stored_hash as stored_h4_0_,
        userentity0_.stored_salt as stored_s5_0_ 
    from
        user_entity userentity0_ 
    where
        userentity0_.email=?
2025-08-07 20:11:04,624 DEBUG o.h.e.j.s.SqlStatementLogger [http-nio-8080-exec-3] 
    select
        userentity0_.id as id1_0_,
        userentity0_.email as email2_0_,
        userentity0_.mobile_number as mobile_n3_0_,
        userentity0_.stored_hash as stored_h4_0_,
        userentity0_.stored_salt as stored_s5_0_ 
    from
        user_entity userentity0_ 
    where
        userentity0_.email=?
2025-08-07 20:11:04,625 DEBUG o.h.e.j.s.SqlStatementLogger [http-nio-8080-exec-2] 
    select
        userentity0_.id as id1_0_,
        userentity0_.email as email2_0_,
        userentity0_.mobile_number as mobile_n3_0_,
        userentity0_.stored_hash as stored_h4_0_,
        userentity0_.stored_salt as stored_s5_0_ 
    from
        user_entity userentity0_ 
    where
        userentity0_.email=?
2025-08-07 20:11:04,634 INFO c.e.s.v.v.c.VideoPlayerHistoricalController [http-nio-8080-exec-3] Using SLF4J: Getting video-player-historical list - getVideoPlayersHistorical()
2025-08-07 20:11:04,635 INFO c.e.s.v.v.c.VideoPlayerHistoricalController [http-nio-8080-exec-3] Using SLF4J Lombok: Getting video player historical list - getVideoPlayersHistorical()
2025-08-07 20:11:04,636 INFO c.e.s.v.v.c.VideoPlayerController [http-nio-8080-exec-2] Using SLF4J: Getting video-player list - getVideoPlayers()
2025-08-07 20:11:04,636 INFO c.e.s.v.v.c.VideoPlayerController [http-nio-8080-exec-2] Using SLF4J Lombok: Getting video player list - getVideoPlayers()
2025-08-07 20:11:04,637 DEBUG o.h.e.j.s.SqlStatementLogger [http-nio-8080-exec-3] 
    select
        videoplaye0_.id as id1_2_,
        videoplaye0_.created_at as created_2_2_,
        videoplaye0_.name_abbr as name_abb3_2_,
        videoplaye0_.url_name as url_name4_2_,
        videoplaye0_.watched_user as watched_5_2_ 
    from
        video_player_historical_entity videoplaye0_
2025-08-07 20:11:04,637 DEBUG o.h.e.j.s.SqlStatementLogger [http-nio-8080-exec-2] 
    select
        videoplaye0_.id as id1_1_,
        videoplaye0_.created_at as created_2_1_,
        videoplaye0_.name_abbr as name_abb3_1_,
        videoplaye0_.url_name as url_name4_1_ 
    from
        video_player_entity videoplaye0_
2025-08-07 20:11:10,943 DEBUG o.h.e.j.s.SqlStatementLogger [http-nio-8080-exec-5] 
    select
        userentity0_.id as id1_0_,
        userentity0_.email as email2_0_,
        userentity0_.mobile_number as mobile_n3_0_,
        userentity0_.stored_hash as stored_h4_0_,
        userentity0_.stored_salt as stored_s5_0_ 
    from
        user_entity userentity0_ 
    where
        userentity0_.email=?
2025-08-07 20:11:10,943 DEBUG o.h.e.j.s.SqlStatementLogger [http-nio-8080-exec-5] 
    select
        userentity0_.id as id1_0_,
        userentity0_.email as email2_0_,
        userentity0_.mobile_number as mobile_n3_0_,
        userentity0_.stored_hash as stored_h4_0_,
        userentity0_.stored_salt as stored_s5_0_ 
    from
        user_entity userentity0_ 
    where
        userentity0_.email=?
2025-08-07 20:11:10,980 DEBUG o.h.e.j.s.SqlStatementLogger [http-nio-8080-exec-4] 
    select
        userentity0_.id as id1_0_,
        userentity0_.email as email2_0_,
        userentity0_.mobile_number as mobile_n3_0_,
        userentity0_.stored_hash as stored_h4_0_,
        userentity0_.stored_salt as stored_s5_0_ 
    from
        user_entity userentity0_ 
    where
        userentity0_.email=?
2025-08-07 20:11:10,980 DEBUG o.h.e.j.s.SqlStatementLogger [http-nio-8080-exec-6] 
    select
        userentity0_.id as id1_0_,
        userentity0_.email as email2_0_,
        userentity0_.mobile_number as mobile_n3_0_,
        userentity0_.stored_hash as stored_h4_0_,
        userentity0_.stored_salt as stored_s5_0_ 
    from
        user_entity userentity0_ 
    where
        userentity0_.email=?
2025-08-07 20:11:10,990 INFO c.e.s.v.v.c.VideoPlayerHistoricalController [http-nio-8080-exec-6] Using SLF4J: Getting video-player-historical list - getVideoPlayersHistorical()
2025-08-07 20:11:10,990 INFO c.e.s.v.v.c.VideoPlayerController [http-nio-8080-exec-4] Using SLF4J: Getting video-player list - getVideoPlayers()
2025-08-07 20:11:10,990 INFO c.e.s.v.v.c.VideoPlayerHistoricalController [http-nio-8080-exec-6] Using SLF4J Lombok: Getting video player historical list - getVideoPlayersHistorical()
2025-08-07 20:11:10,990 INFO c.e.s.v.v.c.VideoPlayerController [http-nio-8080-exec-4] Using SLF4J Lombok: Getting video player list - getVideoPlayers()
2025-08-07 20:11:10,992 DEBUG o.h.e.j.s.SqlStatementLogger [http-nio-8080-exec-6] 
    select
        videoplaye0_.id as id1_2_,
        videoplaye0_.created_at as created_2_2_,
        videoplaye0_.name_abbr as name_abb3_2_,
        videoplaye0_.url_name as url_name4_2_,
        videoplaye0_.watched_user as watched_5_2_ 
    from
        video_player_historical_entity videoplaye0_
2025-08-07 20:11:10,992 DEBUG o.h.e.j.s.SqlStatementLogger [http-nio-8080-exec-4] 
    select
        videoplaye0_.id as id1_1_,
        videoplaye0_.created_at as created_2_1_,
        videoplaye0_.name_abbr as name_abb3_1_,
        videoplaye0_.url_name as url_name4_1_ 
    from
        video_player_entity videoplaye0_
2025-08-07 20:11:18,069 DEBUG o.h.e.j.s.SqlStatementLogger [http-nio-8080-exec-10] 
    select
        userentity0_.id as id1_0_,
        userentity0_.email as email2_0_,
        userentity0_.mobile_number as mobile_n3_0_,
        userentity0_.stored_hash as stored_h4_0_,
        userentity0_.stored_salt as stored_s5_0_ 
    from
        user_entity userentity0_ 
    where
        userentity0_.email=?
2025-08-07 20:11:18,068 DEBUG o.h.e.j.s.SqlStatementLogger [http-nio-8080-exec-8] 
    select
        userentity0_.id as id1_0_,
        userentity0_.email as email2_0_,
        userentity0_.mobile_number as mobile_n3_0_,
        userentity0_.stored_hash as stored_h4_0_,
        userentity0_.stored_salt as stored_s5_0_ 
    from
        user_entity userentity0_ 
    where
        userentity0_.email=?
2025-08-07 20:11:18,083 INFO c.e.s.v.v.c.VideoPlayerHistoricalController [http-nio-8080-exec-10] Using SLF4J: Getting video-player-historical list - getVideoPlayersHistorical()
2025-08-07 20:11:18,084 INFO c.e.s.v.v.c.VideoPlayerHistoricalController [http-nio-8080-exec-10] Using SLF4J Lombok: Getting video player historical list - getVideoPlayersHistorical()
2025-08-07 20:11:18,085 DEBUG o.h.e.j.s.SqlStatementLogger [http-nio-8080-exec-10] 
    select
        videoplaye0_.id as id1_2_,
        videoplaye0_.created_at as created_2_2_,
        videoplaye0_.name_abbr as name_abb3_2_,
        videoplaye0_.url_name as url_name4_2_,
        videoplaye0_.watched_user as watched_5_2_ 
    from
        video_player_historical_entity videoplaye0_
2025-08-07 20:11:18,106 DEBUG o.h.e.j.s.SqlStatementLogger [http-nio-8080-exec-1] 
    select
        userentity0_.id as id1_0_,
        userentity0_.email as email2_0_,
        userentity0_.mobile_number as mobile_n3_0_,
        userentity0_.stored_hash as stored_h4_0_,
        userentity0_.stored_salt as stored_s5_0_ 
    from
        user_entity userentity0_ 
    where
        userentity0_.email=?
2025-08-07 20:11:18,120 INFO c.e.s.v.v.c.VideoPlayerHistoricalController [http-nio-8080-exec-1] Using SLF4J: Getting video-player-historical list - getVideoPlayersHistorical()
2025-08-07 20:11:18,120 INFO c.e.s.v.v.c.VideoPlayerHistoricalController [http-nio-8080-exec-1] Using SLF4J Lombok: Getting video player historical list - getVideoPlayersHistorical()
2025-08-07 20:11:18,122 DEBUG o.h.e.j.s.SqlStatementLogger [http-nio-8080-exec-1] 
    select
        videoplaye0_.id as id1_2_,
        videoplaye0_.created_at as created_2_2_,
        videoplaye0_.name_abbr as name_abb3_2_,
        videoplaye0_.url_name as url_name4_2_,
        videoplaye0_.watched_user as watched_5_2_ 
    from
        video_player_historical_entity videoplaye0_
2025-08-07 20:11:18,192 DEBUG o.h.e.j.s.SqlStatementLogger [http-nio-8080-exec-8] 
    select
        videoplaye0_.id as id1_2_0_,
        videoplaye0_.created_at as created_2_2_0_,
        videoplaye0_.name_abbr as name_abb3_2_0_,
        videoplaye0_.url_name as url_name4_2_0_,
        videoplaye0_.watched_user as watched_5_2_0_ 
    from
        video_player_historical_entity videoplaye0_ 
    where
        videoplaye0_.id=?
2025-08-07 20:11:18,236 DEBUG o.h.e.j.s.SqlStatementLogger [http-nio-8080-exec-8] 
    insert 
    into
        video_player_historical_entity
        (created_at, name_abbr, url_name, watched_user, id) 
    values
        (?, ?, ?, ?, ?)
2025-08-07 20:11:24,364 DEBUG o.h.e.j.s.SqlStatementLogger [http-nio-8080-exec-3] 
    select
        userentity0_.id as id1_0_,
        userentity0_.email as email2_0_,
        userentity0_.mobile_number as mobile_n3_0_,
        userentity0_.stored_hash as stored_h4_0_,
        userentity0_.stored_salt as stored_s5_0_ 
    from
        user_entity userentity0_ 
    where
        userentity0_.email=?
2025-08-07 20:11:24,365 DEBUG o.h.e.j.s.SqlStatementLogger [http-nio-8080-exec-2] 
    select
        userentity0_.id as id1_0_,
        userentity0_.email as email2_0_,
        userentity0_.mobile_number as mobile_n3_0_,
        userentity0_.stored_hash as stored_h4_0_,
        userentity0_.stored_salt as stored_s5_0_ 
    from
        user_entity userentity0_ 
    where
        userentity0_.email=?
2025-08-07 20:11:24,381 INFO c.e.s.v.v.c.VideoPlayerHistoricalController [http-nio-8080-exec-2] Using SLF4J: Getting video-player-historical list - getVideoPlayersHistorical()
2025-08-07 20:11:24,382 INFO c.e.s.v.v.c.VideoPlayerHistoricalController [http-nio-8080-exec-2] Using SLF4J Lombok: Getting video player historical list - getVideoPlayersHistorical()
2025-08-07 20:11:24,384 DEBUG o.h.e.j.s.SqlStatementLogger [http-nio-8080-exec-2] 
    select
        videoplaye0_.id as id1_2_,
        videoplaye0_.created_at as created_2_2_,
        videoplaye0_.name_abbr as name_abb3_2_,
        videoplaye0_.url_name as url_name4_2_,
        videoplaye0_.watched_user as watched_5_2_ 
    from
        video_player_historical_entity videoplaye0_
2025-08-07 20:11:24,389 DEBUG o.h.e.j.s.SqlStatementLogger [http-nio-8080-exec-3] 
    select
        videoplaye0_.id as id1_2_0_,
        videoplaye0_.created_at as created_2_2_0_,
        videoplaye0_.name_abbr as name_abb3_2_0_,
        videoplaye0_.url_name as url_name4_2_0_,
        videoplaye0_.watched_user as watched_5_2_0_ 
    from
        video_player_historical_entity videoplaye0_ 
    where
        videoplaye0_.id=?
2025-08-07 20:11:24,395 DEBUG o.h.e.j.s.SqlStatementLogger [http-nio-8080-exec-3] 
    insert 
    into
        video_player_historical_entity
        (created_at, name_abbr, url_name, watched_user, id) 
    values
        (?, ?, ?, ?, ?)
2025-08-07 20:11:24,409 DEBUG o.h.e.j.s.SqlStatementLogger [http-nio-8080-exec-6] 
    select
        userentity0_.id as id1_0_,
        userentity0_.email as email2_0_,
        userentity0_.mobile_number as mobile_n3_0_,
        userentity0_.stored_hash as stored_h4_0_,
        userentity0_.stored_salt as stored_s5_0_ 
    from
        user_entity userentity0_ 
    where
        userentity0_.email=?
2025-08-07 20:11:24,422 INFO c.e.s.v.v.c.VideoPlayerHistoricalController [http-nio-8080-exec-6] Using SLF4J: Getting video-player-historical list - getVideoPlayersHistorical()
2025-08-07 20:11:24,423 INFO c.e.s.v.v.c.VideoPlayerHistoricalController [http-nio-8080-exec-6] Using SLF4J Lombok: Getting video player historical list - getVideoPlayersHistorical()
2025-08-07 20:11:24,424 DEBUG o.h.e.j.s.SqlStatementLogger [http-nio-8080-exec-6] 
    select
        videoplaye0_.id as id1_2_,
        videoplaye0_.created_at as created_2_2_,
        videoplaye0_.name_abbr as name_abb3_2_,
        videoplaye0_.url_name as url_name4_2_,
        videoplaye0_.watched_user as watched_5_2_ 
    from
        video_player_historical_entity videoplaye0_
2025-08-07 20:11:27,698 DEBUG o.h.e.j.s.SqlStatementLogger [http-nio-8080-exec-7] 
    select
        userentity0_.id as id1_0_,
        userentity0_.email as email2_0_,
        userentity0_.mobile_number as mobile_n3_0_,
        userentity0_.stored_hash as stored_h4_0_,
        userentity0_.stored_salt as stored_s5_0_ 
    from
        user_entity userentity0_ 
    where
        userentity0_.email=?
2025-08-07 20:11:27,699 DEBUG o.h.e.j.s.SqlStatementLogger [http-nio-8080-exec-7] 
    select
        userentity0_.id as id1_0_,
        userentity0_.email as email2_0_,
        userentity0_.mobile_number as mobile_n3_0_,
        userentity0_.stored_hash as stored_h4_0_,
        userentity0_.stored_salt as stored_s5_0_ 
    from
        user_entity userentity0_ 
    where
        userentity0_.email=?
2025-08-07 20:11:27,723 DEBUG o.h.e.j.s.SqlStatementLogger [http-nio-8080-exec-1] 
    select
        userentity0_.id as id1_0_,
        userentity0_.email as email2_0_,
        userentity0_.mobile_number as mobile_n3_0_,
        userentity0_.stored_hash as stored_h4_0_,
        userentity0_.stored_salt as stored_s5_0_ 
    from
        user_entity userentity0_ 
    where
        userentity0_.email=?
2025-08-07 20:11:27,723 DEBUG o.h.e.j.s.SqlStatementLogger [http-nio-8080-exec-10] 
    select
        userentity0_.id as id1_0_,
        userentity0_.email as email2_0_,
        userentity0_.mobile_number as mobile_n3_0_,
        userentity0_.stored_hash as stored_h4_0_,
        userentity0_.stored_salt as stored_s5_0_ 
    from
        user_entity userentity0_ 
    where
        userentity0_.email=?
2025-08-07 20:11:27,734 INFO c.e.s.v.v.c.VideoPlayerController [http-nio-8080-exec-10] Using SLF4J: Getting video-player list - getVideoPlayers()
2025-08-07 20:11:27,734 INFO c.e.s.v.v.c.VideoPlayerHistoricalController [http-nio-8080-exec-1] Using SLF4J: Getting video-player-historical list - getVideoPlayersHistorical()
2025-08-07 20:11:27,734 INFO c.e.s.v.v.c.VideoPlayerController [http-nio-8080-exec-10] Using SLF4J Lombok: Getting video player list - getVideoPlayers()
2025-08-07 20:11:27,734 INFO c.e.s.v.v.c.VideoPlayerHistoricalController [http-nio-8080-exec-1] Using SLF4J Lombok: Getting video player historical list - getVideoPlayersHistorical()
2025-08-07 20:11:27,734 DEBUG o.h.e.j.s.SqlStatementLogger [http-nio-8080-exec-10] 
    select
        videoplaye0_.id as id1_1_,
        videoplaye0_.created_at as created_2_1_,
        videoplaye0_.name_abbr as name_abb3_1_,
        videoplaye0_.url_name as url_name4_1_ 
    from
        video_player_entity videoplaye0_
2025-08-07 20:11:27,734 DEBUG o.h.e.j.s.SqlStatementLogger [http-nio-8080-exec-1] 
    select
        videoplaye0_.id as id1_2_,
        videoplaye0_.created_at as created_2_2_,
        videoplaye0_.name_abbr as name_abb3_2_,
        videoplaye0_.url_name as url_name4_2_,
        videoplaye0_.watched_user as watched_5_2_ 
    from
        video_player_historical_entity videoplaye0_
